2025-12-04 18:14:21[main] INFO DriverFactory.DriverFactory You selected chrome to run these tests 
2025-12-04 18:14:24[main] INFO Pages.LaunchPage Loading the DSAlgo portal.... 
2025-12-04 18:14:24[main] INFO Pages.LaunchPage Loading the DSAlgo portal.... 
2025-12-04 18:14:24[main] INFO Pages.LaunchPage clicking on GetStarted button now 
2025-12-04 18:14:25[main] INFO Pages.SignInPage Click On SignIn Link 
2025-12-04 18:14:25[main] INFO Pages.SignInPage Login for user: Test-229 
2025-12-04 18:14:28[main] INFO Pages.Queue Click on Graph 
2025-12-04 18:14:28[main] INFO Pages.Queue Verify title of Queue Page Links 
2025-12-04 18:14:28[main] INFO Pages.Queue Click on try here :Graph 
2025-12-04 18:14:30[main] INFO Pages.Queue Enter code:print('Implementation of Queue in Python') 
2025-12-04 18:14:31[main] INFO Pages.Queue Click on Run to execute code 
2025-12-04 18:14:31[main] INFO Pages.Queue Validate code  output 
2025-12-04 18:14:32[main] INFO DriverFactory.DriverFactory You selected chrome to run these tests 
2025-12-04 18:14:34[main] INFO Pages.LaunchPage Loading the DSAlgo portal.... 
2025-12-04 18:14:34[main] INFO Pages.LaunchPage Loading the DSAlgo portal.... 
2025-12-04 18:14:34[main] INFO Pages.LaunchPage clicking on GetStarted button now 
2025-12-04 18:14:35[main] INFO Pages.SignInPage Click On SignIn Link 
2025-12-04 18:14:35[main] INFO Pages.SignInPage Login for user: Test-229 
2025-12-04 18:14:37[main] INFO Pages.Queue Click on Graph Representations 
2025-12-04 18:14:37[main] INFO Pages.Queue Verify title of Queue Page Links 
2025-12-04 18:14:38[main] INFO Pages.Queue Click on try here :Graph Representations 
2025-12-04 18:14:38[main] INFO Pages.Queue Enter code:print('Implementation of Queue in Python') 
2025-12-04 18:14:39[main] INFO Pages.Queue Click on Run to execute code 
2025-12-04 18:14:39[main] INFO Pages.Queue Validate code  output 
2025-12-04 18:14:40[main] INFO DriverFactory.DriverFactory You selected chrome to run these tests 
2025-12-04 18:14:41[main] INFO Pages.LaunchPage Loading the DSAlgo portal.... 
2025-12-04 18:14:41[main] INFO Pages.LaunchPage Loading the DSAlgo portal.... 
2025-12-04 18:14:42[main] INFO Pages.LaunchPage clicking on GetStarted button now 
2025-12-04 18:14:43[main] INFO Pages.SignInPage Click On SignIn Link 
2025-12-04 18:14:43[main] INFO Pages.SignInPage Login for user: Test-229 
2025-12-04 18:14:45[main] INFO Pages.Queue Click on Graph 
2025-12-04 18:14:45[main] INFO Pages.Queue Verify title of Queue Page Links 
2025-12-04 18:14:45[main] INFO Pages.Queue Click on try here :Graph 
2025-12-04 18:14:46[main] INFO Pages.Queue Enter code:sgh 
2025-12-04 18:14:47[main] INFO Pages.Queue Click on Run to execute code 
2025-12-04 18:14:47[main] INFO Pages.Queue Validate code  output 
2025-12-04 18:14:47[main] INFO DriverFactory.DriverFactory You selected chrome to run these tests 
2025-12-04 18:14:49[main] INFO Pages.LaunchPage Loading the DSAlgo portal.... 
2025-12-04 18:14:49[main] INFO Pages.LaunchPage Loading the DSAlgo portal.... 
2025-12-04 18:14:49[main] INFO Pages.LaunchPage clicking on GetStarted button now 
2025-12-04 18:14:50[main] INFO Pages.SignInPage Click On SignIn Link 
2025-12-04 18:14:50[main] INFO Pages.SignInPage Login for user: Test-229 
2025-12-04 18:14:52[main] INFO Pages.Queue Click on Graph Representations 
2025-12-04 18:14:53[main] INFO Pages.Queue Verify title of Queue Page Links 
2025-12-04 18:14:53[main] INFO Pages.Queue Click on try here :Graph Representations 
2025-12-04 18:14:54[main] INFO Pages.Queue Enter code:sgh 
2025-12-04 18:14:54[main] INFO Pages.Queue Click on Run to execute code 
2025-12-04 18:14:54[main] INFO Pages.Queue Validate code  output 
2025-12-04 18:14:55[main] INFO DriverFactory.DriverFactory You selected chrome to run these tests 
2025-12-04 18:14:57[main] INFO Pages.LaunchPage Loading the DSAlgo portal.... 
2025-12-04 18:14:57[main] INFO Pages.LaunchPage clicking on GetStarted button now 
2025-12-04 18:14:58[main] INFO Pages.SignInPage Click On SignIn Link 
2025-12-04 18:14:58[main] INFO Pages.SignInPage Login for user: Test-229 
2025-12-04 18:14:59[main] INFO Pages.Queue Click on Implementation of Queue in Python 
2025-12-04 18:15:00[main] INFO Pages.Queue Verify title of Queue Page Links 
2025-12-04 18:15:00[main] INFO Pages.Queue Click on try here :Implementation of Queue in Python 
2025-12-04 18:15:01[main] INFO Pages.Queue Enter code:print('Implementation of Queue in Python') 
2025-12-04 18:15:02[main] INFO Pages.Queue Click on Run to execute code 
2025-12-04 18:15:02[main] INFO Pages.Queue Validate code  output 
2025-12-04 18:15:03[main] INFO DriverFactory.DriverFactory You selected chrome to run these tests 
2025-12-04 18:15:04[main] INFO Pages.LaunchPage Loading the DSAlgo portal.... 
2025-12-04 18:15:05[main] INFO Pages.LaunchPage clicking on GetStarted button now 
2025-12-04 18:15:05[main] INFO Pages.SignInPage Click On SignIn Link 
2025-12-04 18:15:06[main] INFO Pages.SignInPage Login for user: Test-229 
2025-12-04 18:15:07[main] INFO Pages.Queue Click on Implementation using collections.deque 
2025-12-04 18:15:08[main] INFO Pages.Queue Verify title of Queue Page Links 
2025-12-04 18:15:08[main] INFO Pages.Queue Click on try here :Implementation using collections.deque 
2025-12-04 18:15:09[main] INFO Pages.Queue Enter code:print('Implementation of Queue in Python') 
2025-12-04 18:15:10[main] INFO Pages.Queue Click on Run to execute code 
2025-12-04 18:15:10[main] INFO Pages.Queue Validate code  output 
2025-12-04 18:15:10[main] INFO DriverFactory.DriverFactory You selected chrome to run these tests 
2025-12-04 18:15:12[main] INFO Pages.LaunchPage Loading the DSAlgo portal.... 
2025-12-04 18:15:12[main] INFO Pages.LaunchPage clicking on GetStarted button now 
2025-12-04 18:15:13[main] INFO Pages.SignInPage Click On SignIn Link 
2025-12-04 18:15:13[main] INFO Pages.SignInPage Login for user: Test-229 
2025-12-04 18:15:15[main] INFO Pages.Queue Click on Implementation using array 
2025-12-04 18:15:15[main] INFO Pages.Queue Verify title of Queue Page Links 
2025-12-04 18:15:15[main] INFO Pages.Queue Click on try here :Implementation using array 
2025-12-04 18:15:16[main] INFO Pages.Queue Enter code:print('Implementation of Queue in Python') 
2025-12-04 18:15:17[main] INFO Pages.Queue Click on Run to execute code 
2025-12-04 18:15:17[main] INFO Pages.Queue Validate code  output 
2025-12-04 18:15:18[main] INFO DriverFactory.DriverFactory You selected chrome to run these tests 
2025-12-04 18:15:20[main] INFO Pages.LaunchPage Loading the DSAlgo portal.... 
2025-12-04 18:15:20[main] INFO Pages.LaunchPage clicking on GetStarted button now 
2025-12-04 18:15:21[main] INFO Pages.SignInPage Click On SignIn Link 
2025-12-04 18:15:21[main] INFO Pages.SignInPage Login for user: Test-229 
2025-12-04 18:15:22[main] INFO Pages.Queue Click on Queue Operations 
2025-12-04 18:15:23[main] INFO Pages.Queue Verify title of Queue Page Links 
2025-12-04 18:15:23[main] INFO Pages.Queue Click on try here :Queue Operations 
2025-12-04 18:15:24[main] INFO Pages.Queue Enter code:print('Implementation of Queue in Python') 
2025-12-04 18:15:25[main] INFO Pages.Queue Click on Run to execute code 
2025-12-04 18:15:25[main] INFO Pages.Queue Validate code  output 
2025-12-04 18:15:25[main] INFO DriverFactory.DriverFactory You selected chrome to run these tests 
2025-12-04 18:15:27[main] INFO Pages.LaunchPage Loading the DSAlgo portal.... 
2025-12-04 18:15:27[main] INFO Pages.LaunchPage clicking on GetStarted button now 
2025-12-04 18:15:28[main] INFO Pages.SignInPage Click On SignIn Link 
2025-12-04 18:15:28[main] INFO Pages.SignInPage Login for user: Test-229 
2025-12-04 18:15:30[main] INFO Pages.Queue Click on Implementation of Queue in Python 
2025-12-04 18:15:30[main] INFO Pages.Queue Verify title of Queue Page Links 
2025-12-04 18:15:30[main] INFO Pages.Queue Click on try here :Implementation of Queue in Python 
2025-12-04 18:15:31[main] INFO Pages.Queue Enter code:abc 
2025-12-04 18:15:32[main] INFO Pages.Queue Click on Run to execute code 
2025-12-04 18:15:32[main] INFO Pages.Queue Validate code  output 
2025-12-04 18:15:32[main] INFO DriverFactory.DriverFactory You selected chrome to run these tests 
2025-12-04 18:15:34[main] INFO Pages.LaunchPage Loading the DSAlgo portal.... 
2025-12-04 18:15:35[main] INFO Pages.LaunchPage clicking on GetStarted button now 
2025-12-04 18:15:35[main] INFO Pages.SignInPage Click On SignIn Link 
2025-12-04 18:15:36[main] INFO Pages.SignInPage Login for user: Test-229 
2025-12-04 18:15:37[main] INFO Pages.Queue Click on Implementation using collections.deque 
2025-12-04 18:15:37[main] INFO Pages.Queue Verify title of Queue Page Links 
2025-12-04 18:15:37[main] INFO Pages.Queue Click on try here :Implementation using collections.deque 
2025-12-04 18:15:38[main] INFO Pages.Queue Enter code:abc 
2025-12-04 18:15:39[main] INFO Pages.Queue Click on Run to execute code 
2025-12-04 18:15:39[main] INFO Pages.Queue Validate code  output 
2025-12-04 18:15:39[main] INFO DriverFactory.DriverFactory You selected chrome to run these tests 
2025-12-04 18:15:41[main] INFO Pages.LaunchPage Loading the DSAlgo portal.... 
2025-12-04 18:15:41[main] INFO Pages.LaunchPage clicking on GetStarted button now 
2025-12-04 18:15:42[main] INFO Pages.SignInPage Click On SignIn Link 
2025-12-04 18:15:42[main] INFO Pages.SignInPage Login for user: Test-229 
2025-12-04 18:15:44[main] INFO Pages.Queue Click on Implementation using array 
2025-12-04 18:15:44[main] INFO Pages.Queue Verify title of Queue Page Links 
2025-12-04 18:15:44[main] INFO Pages.Queue Click on try here :Implementation using array 
2025-12-04 18:15:45[main] INFO Pages.Queue Enter code:abc 
2025-12-04 18:15:46[main] INFO Pages.Queue Click on Run to execute code 
2025-12-04 18:15:46[main] INFO Pages.Queue Validate code  output 
2025-12-04 18:15:46[main] INFO DriverFactory.DriverFactory You selected chrome to run these tests 
2025-12-04 18:15:48[main] INFO Pages.LaunchPage Loading the DSAlgo portal.... 
2025-12-04 18:15:48[main] INFO Pages.LaunchPage clicking on GetStarted button now 
2025-12-04 18:15:49[main] INFO Pages.SignInPage Click On SignIn Link 
2025-12-04 18:15:49[main] INFO Pages.SignInPage Login for user: Test-229 
2025-12-04 18:15:51[main] INFO Pages.Queue Click on Queue Operations 
2025-12-04 18:15:51[main] INFO Pages.Queue Verify title of Queue Page Links 
2025-12-04 18:15:51[main] INFO Pages.Queue Click on try here :Queue Operations 
2025-12-04 18:15:52[main] INFO Pages.Queue Enter code:abc 
2025-12-04 18:15:53[main] INFO Pages.Queue Click on Run to execute code 
2025-12-04 18:15:53[main] INFO Pages.Queue Validate code  output 
